        -:    0:Source:1task.c
        -:    0:Graph:./1task.gcno
        -:    0:Data:./1task.gcda
        -:    0:Runs:2
        -:    0:Programs:1
        -:    1:#include "array.c"
        -:    2:
function main called 2 returned 100% blocks executed 56%
        2:    3:int main ()
        -:    4:	{
        -:    5:	struct array array1;
        -:    6:	struct array array2;
        -:    7:	
        2:    8:	check (init_array (&array1))
вызов    0 вернул 100%
переход  1 выполнен 0% (fallthrough)
переход  2 выполнен 100%
вызов   3 ни разу не исполнялся
вызов   4 ни разу не исполнялся
        2:    9:	check (init_array (&array2))
вызов    0 вернул 100%
переход  1 выполнен 0% (fallthrough)
переход  2 выполнен 100%
вызов   3 ни разу не исполнялся
вызов   4 ни разу не исполнялся
        -:   10:	
        2:   11:	check (verbose_full_print (&array1))
вызов    0 вернул 100%
переход  1 выполнен 0% (fallthrough)
переход  2 выполнен 100%
вызов   3 ни разу не исполнялся
вызов   4 ни разу не исполнялся
        -:   12:	
        2:   13:	check (add_element_to_end (&array1, 5))
вызов    0 вернул 100%
переход  1 выполнен 0% (fallthrough)
переход  2 выполнен 100%
вызов   3 ни разу не исполнялся
вызов   4 ни разу не исполнялся
        2:   14:	check (add_element_to_end (&array1, 1))
вызов    0 вернул 100%
переход  1 выполнен 0% (fallthrough)
переход  2 выполнен 100%
вызов   3 ни разу не исполнялся
вызов   4 ни разу не исполнялся
        2:   15:	check (add_element_to_end (&array1, 8))
вызов    0 вернул 100%
переход  1 выполнен 0% (fallthrough)
переход  2 выполнен 100%
вызов   3 ни разу не исполнялся
вызов   4 ни разу не исполнялся
        2:   16:	check (add_element_to_end (&array1, 41))
вызов    0 вернул 100%
переход  1 выполнен 0% (fallthrough)
переход  2 выполнен 100%
вызов   3 ни разу не исполнялся
вызов   4 ни разу не исполнялся
        2:   17:	check (add_element_to_end (&array1, 3))
вызов    0 вернул 100%
переход  1 выполнен 0% (fallthrough)
переход  2 выполнен 100%
вызов   3 ни разу не исполнялся
вызов   4 ни разу не исполнялся
        2:   18:	check (add_element_to_end (&array1, 3))
вызов    0 вернул 100%
переход  1 выполнен 0% (fallthrough)
переход  2 выполнен 100%
вызов   3 ни разу не исполнялся
вызов   4 ни разу не исполнялся
        2:   19:	check (add_element_to_end (&array1, 8))
вызов    0 вернул 100%
переход  1 выполнен 0% (fallthrough)
переход  2 выполнен 100%
вызов   3 ни разу не исполнялся
вызов   4 ни разу не исполнялся
        2:   20:	check (add_element_to_end (&array1, 13))
вызов    0 вернул 100%
переход  1 выполнен 0% (fallthrough)
переход  2 выполнен 100%
вызов   3 ни разу не исполнялся
вызов   4 ни разу не исполнялся
        2:   21:	check (verbose_full_print (&array1))
вызов    0 вернул 100%
переход  1 выполнен 0% (fallthrough)
переход  2 выполнен 100%
вызов   3 ни разу не исполнялся
вызов   4 ни разу не исполнялся
        2:   22:	check (remove_element_from_end (&array1))
вызов    0 вернул 100%
переход  1 выполнен 0% (fallthrough)
переход  2 выполнен 100%
вызов   3 ни разу не исполнялся
вызов   4 ни разу не исполнялся
        2:   23:	check (print_array (&array1))
вызов    0 вернул 100%
переход  1 выполнен 0% (fallthrough)
переход  2 выполнен 100%
вызов   3 ни разу не исполнялся
вызов   4 ни разу не исполнялся
        -:   24:	
        2:   25:	check (bubble_sort (&array1))
вызов    0 вернул 100%
переход  1 выполнен 0% (fallthrough)
переход  2 выполнен 100%
вызов   3 ни разу не исполнялся
вызов   4 ни разу не исполнялся
        2:   26:	check (print_array (&array1))
вызов    0 вернул 100%
переход  1 выполнен 0% (fallthrough)
переход  2 выполнен 100%
вызов   3 ни разу не исполнялся
вызов   4 ни разу не исполнялся
        -:   27:	
        2:   28:	check (change_element (&array1, 3, 7))
вызов    0 вернул 100%
переход  1 выполнен 0% (fallthrough)
переход  2 выполнен 100%
вызов   3 ни разу не исполнялся
вызов   4 ни разу не исполнялся
        2:   29:	check (print_array (&array1))
вызов    0 вернул 100%
переход  1 выполнен 0% (fallthrough)
переход  2 выполнен 100%
вызов   3 ни разу не исполнялся
вызов   4 ни разу не исполнялся
        -:   30:	
        2:   31:	check (zero_array   (&array1))
вызов    0 вернул 100%
переход  1 выполнен 0% (fallthrough)
переход  2 выполнен 100%
вызов   3 ни разу не исполнялся
вызов   4 ни разу не исполнялся
        2:   32:	check (print_array (&array1))
вызов    0 вернул 100%
переход  1 выполнен 0% (fallthrough)
переход  2 выполнен 100%
вызов   3 ни разу не исполнялся
вызов   4 ни разу не исполнялся
        2:   33:	printf ("datalen = %i, memlen = %i\n", get_datalen (&array1), get_memlen (&array1));
вызов    0 вернул 100%
вызов    1 вернул 100%
вызов    2 вернул 100%
        -:   34:	
      614:   35:	for (int i = 0; i < MAX_DATASZ + 5; i ++)
переход  0 выполнен 99%
переход  1 выполнен 1% (fallthrough)
      612:   36:		/*check (*/add_element_to_end (&array2, 41);//)
вызов    0 вернул 100%
        -:   37:	
        2:   38:	check (delete_array (&array1))
вызов    0 вернул 100%
переход  1 выполнен 0% (fallthrough)
переход  2 выполнен 100%
вызов   3 ни разу не исполнялся
вызов   4 ни разу не исполнялся
        2:   39:	print_exit_message ();
вызов    0 вернул 100%
        2:   40:	check (delete_array (&array2))
вызов    0 вернул 100%
переход  1 выполнен 0% (fallthrough)
переход  2 выполнен 100%
вызов   3 ни разу не исполнялся
вызов   4 ни разу не исполнялся
        2:   41:	print_exit_message ();
вызов    0 вернул 100%
        -:   42:	
        2:   43:	return 0;
        -:   44:	}
