        -:    0:Source:2task.cpp
        -:    0:Graph:./2task.gcno
        -:    0:Data:./2task.gcda
        -:    0:Runs:1
        -:    0:Programs:1
        -:    1:#include "array.cpp"
        -:    2:
function main called 1 returned 100% blocks executed 56%
        1:    3:int main ()
        -:    4:	{
        -:    5:	struct array array1;
        -:    6:	struct array array2;
        -:    7:	
        1:    8:	check (init_array (&array1))
вызов    0 вернул 100%
переход  1 выполнен 100% (fallthrough)
переход  2 выполнен 0% (throw)
переход  3 выполнен 0% (fallthrough)
переход  4 выполнен 100%
вызов   5 ни разу не исполнялся
переход  6 ни разу не исполнялся
переход  7 ни разу не исполнялся
вызов   8 ни разу не исполнялся
        1:    9:	check (init_array (&array2))
вызов    0 вернул 100%
переход  1 выполнен 100% (fallthrough)
переход  2 выполнен 0% (throw)
переход  3 выполнен 0% (fallthrough)
переход  4 выполнен 100%
вызов   5 ни разу не исполнялся
переход  6 ни разу не исполнялся
переход  7 ни разу не исполнялся
вызов   8 ни разу не исполнялся
        -:   10:	
        1:   11:	check (verbose_full_print (&array1))
вызов    0 вернул 100%
переход  1 выполнен 100% (fallthrough)
переход  2 выполнен 0% (throw)
переход  3 выполнен 0% (fallthrough)
переход  4 выполнен 100%
вызов   5 ни разу не исполнялся
переход  6 ни разу не исполнялся
переход  7 ни разу не исполнялся
вызов   8 ни разу не исполнялся
        -:   12:	
        1:   13:	check (add_element_to_end (&array1, 5))
вызов    0 вернул 100%
переход  1 выполнен 100% (fallthrough)
переход  2 выполнен 0% (throw)
переход  3 выполнен 0% (fallthrough)
переход  4 выполнен 100%
вызов   5 ни разу не исполнялся
переход  6 ни разу не исполнялся
переход  7 ни разу не исполнялся
вызов   8 ни разу не исполнялся
        1:   14:	check (add_element_to_end (&array1, 1))
вызов    0 вернул 100%
переход  1 выполнен 100% (fallthrough)
переход  2 выполнен 0% (throw)
переход  3 выполнен 0% (fallthrough)
переход  4 выполнен 100%
вызов   5 ни разу не исполнялся
переход  6 ни разу не исполнялся
переход  7 ни разу не исполнялся
вызов   8 ни разу не исполнялся
        1:   15:	check (add_element_to_end (&array1, 8))
вызов    0 вернул 100%
переход  1 выполнен 100% (fallthrough)
переход  2 выполнен 0% (throw)
переход  3 выполнен 0% (fallthrough)
переход  4 выполнен 100%
вызов   5 ни разу не исполнялся
переход  6 ни разу не исполнялся
переход  7 ни разу не исполнялся
вызов   8 ни разу не исполнялся
        1:   16:	check (add_element_to_end (&array1, 41))
вызов    0 вернул 100%
переход  1 выполнен 100% (fallthrough)
переход  2 выполнен 0% (throw)
переход  3 выполнен 0% (fallthrough)
переход  4 выполнен 100%
вызов   5 ни разу не исполнялся
переход  6 ни разу не исполнялся
переход  7 ни разу не исполнялся
вызов   8 ни разу не исполнялся
        1:   17:	check (add_element_to_end (&array1, 3))
вызов    0 вернул 100%
переход  1 выполнен 100% (fallthrough)
переход  2 выполнен 0% (throw)
переход  3 выполнен 0% (fallthrough)
переход  4 выполнен 100%
вызов   5 ни разу не исполнялся
переход  6 ни разу не исполнялся
переход  7 ни разу не исполнялся
вызов   8 ни разу не исполнялся
        1:   18:	check (add_element_to_end (&array1, 3))
вызов    0 вернул 100%
переход  1 выполнен 100% (fallthrough)
переход  2 выполнен 0% (throw)
переход  3 выполнен 0% (fallthrough)
переход  4 выполнен 100%
вызов   5 ни разу не исполнялся
переход  6 ни разу не исполнялся
переход  7 ни разу не исполнялся
вызов   8 ни разу не исполнялся
        1:   19:	check (add_element_to_end (&array1, 8))
вызов    0 вернул 100%
переход  1 выполнен 100% (fallthrough)
переход  2 выполнен 0% (throw)
переход  3 выполнен 0% (fallthrough)
переход  4 выполнен 100%
вызов   5 ни разу не исполнялся
переход  6 ни разу не исполнялся
переход  7 ни разу не исполнялся
вызов   8 ни разу не исполнялся
        1:   20:	check (add_element_to_end (&array1, 13))
вызов    0 вернул 100%
переход  1 выполнен 100% (fallthrough)
переход  2 выполнен 0% (throw)
переход  3 выполнен 0% (fallthrough)
переход  4 выполнен 100%
вызов   5 ни разу не исполнялся
переход  6 ни разу не исполнялся
переход  7 ни разу не исполнялся
вызов   8 ни разу не исполнялся
        1:   21:	check (verbose_full_print (&array1))
вызов    0 вернул 100%
переход  1 выполнен 100% (fallthrough)
переход  2 выполнен 0% (throw)
переход  3 выполнен 0% (fallthrough)
переход  4 выполнен 100%
вызов   5 ни разу не исполнялся
переход  6 ни разу не исполнялся
переход  7 ни разу не исполнялся
вызов   8 ни разу не исполнялся
        1:   22:	check (remove_element_from_end (&array1))
вызов    0 вернул 100%
переход  1 выполнен 100% (fallthrough)
переход  2 выполнен 0% (throw)
переход  3 выполнен 0% (fallthrough)
переход  4 выполнен 100%
вызов   5 ни разу не исполнялся
переход  6 ни разу не исполнялся
переход  7 ни разу не исполнялся
вызов   8 ни разу не исполнялся
        1:   23:	check (print_array (&array1))
вызов    0 вернул 100%
переход  1 выполнен 100% (fallthrough)
переход  2 выполнен 0% (throw)
переход  3 выполнен 0% (fallthrough)
переход  4 выполнен 100%
вызов   5 ни разу не исполнялся
переход  6 ни разу не исполнялся
переход  7 ни разу не исполнялся
вызов   8 ни разу не исполнялся
        -:   24:	
        1:   25:	check (bubble_sort (&array1))
вызов    0 вернул 100%
переход  1 выполнен 100% (fallthrough)
переход  2 выполнен 0% (throw)
переход  3 выполнен 0% (fallthrough)
переход  4 выполнен 100%
вызов   5 ни разу не исполнялся
переход  6 ни разу не исполнялся
переход  7 ни разу не исполнялся
вызов   8 ни разу не исполнялся
        1:   26:	check (print_array (&array1))
вызов    0 вернул 100%
переход  1 выполнен 100% (fallthrough)
переход  2 выполнен 0% (throw)
переход  3 выполнен 0% (fallthrough)
переход  4 выполнен 100%
вызов   5 ни разу не исполнялся
переход  6 ни разу не исполнялся
переход  7 ни разу не исполнялся
вызов   8 ни разу не исполнялся
        -:   27:	
        1:   28:	check (change_element (&array1, 3, 7))
вызов    0 вернул 100%
переход  1 выполнен 100% (fallthrough)
переход  2 выполнен 0% (throw)
переход  3 выполнен 0% (fallthrough)
переход  4 выполнен 100%
вызов   5 ни разу не исполнялся
переход  6 ни разу не исполнялся
переход  7 ни разу не исполнялся
вызов   8 ни разу не исполнялся
        1:   29:	check (print_array (&array1))
вызов    0 вернул 100%
переход  1 выполнен 100% (fallthrough)
переход  2 выполнен 0% (throw)
переход  3 выполнен 0% (fallthrough)
переход  4 выполнен 100%
вызов   5 ни разу не исполнялся
переход  6 ни разу не исполнялся
переход  7 ни разу не исполнялся
вызов   8 ни разу не исполнялся
        -:   30:	
        1:   31:	check (zero_array   (&array1))
вызов    0 вернул 100%
переход  1 выполнен 100% (fallthrough)
переход  2 выполнен 0% (throw)
переход  3 выполнен 0% (fallthrough)
переход  4 выполнен 100%
вызов   5 ни разу не исполнялся
переход  6 ни разу не исполнялся
переход  7 ни разу не исполнялся
вызов   8 ни разу не исполнялся
        1:   32:	check (print_array (&array1))
вызов    0 вернул 100%
переход  1 выполнен 100% (fallthrough)
переход  2 выполнен 0% (throw)
переход  3 выполнен 0% (fallthrough)
переход  4 выполнен 100%
вызов   5 ни разу не исполнялся
переход  6 ни разу не исполнялся
переход  7 ни разу не исполнялся
вызов   8 ни разу не исполнялся
        1:   33:	printf ("datalen = %i, memlen = %i\n", get_datalen (&array1), get_memlen (&array1));
вызов    0 вернул 100%
переход  1 выполнен 100% (fallthrough)
переход  2 выполнен 0% (throw)
вызов    3 вернул 100%
переход  4 выполнен 100% (fallthrough)
переход  5 выполнен 0% (throw)
вызов    6 вернул 100%
переход  7 выполнен 100% (fallthrough)
переход  8 выполнен 0% (throw)
        -:   34:	
      307:   35:	for (int i = 0; i < MAX_DATASZ + 5; i ++)
переход  0 выполнен 99% (fallthrough)
переход  1 выполнен 1%
      306:   36:		/*check (*/add_element_to_end (&array2, 41);//)
вызов    0 вернул 100%
переход  1 выполнен 100% (fallthrough)
переход  2 выполнен 0% (throw)
        -:   37:	
        1:   38:	check (delete_array (&array1))
вызов    0 вернул 100%
переход  1 выполнен 100% (fallthrough)
переход  2 выполнен 0% (throw)
переход  3 выполнен 0% (fallthrough)
переход  4 выполнен 100%
вызов   5 ни разу не исполнялся
переход  6 ни разу не исполнялся
переход  7 ни разу не исполнялся
вызов   8 ни разу не исполнялся
        1:   39:	print_exit_message ();
вызов    0 вернул 100%
переход  1 выполнен 100% (fallthrough)
переход  2 выполнен 0% (throw)
        1:   40:	check (delete_array (&array2))
вызов    0 вернул 100%
переход  1 выполнен 100% (fallthrough)
переход  2 выполнен 0% (throw)
переход  3 выполнен 0% (fallthrough)
переход  4 выполнен 100%
вызов   5 ни разу не исполнялся
переход  6 ни разу не исполнялся
переход  7 ни разу не исполнялся
вызов   8 ни разу не исполнялся
        1:   41:	print_exit_message ();
вызов    0 вернул 100%
переход  1 выполнен 100% (fallthrough)
переход  2 выполнен 0% (throw)
        -:   42:	
        1:   43:	return 0;
        -:   44:	}
